<?xml version="1.0" encoding="UTF-8"?>
<!-- Generated by org.testng.reporters.JUnitReportReporter -->
<testsuite hostname="DESKTOP-M8KF4BN" failures="0" tests="1" name="SauceDemoApp.Tests.EndToEndTestCase" time="3.230" errors="0" timestamp="2024-07-20T17:17:26 IST" skipped="0">
  <testcase classname="SauceDemoApp.Tests.EndToEndTestCase" name="saucedemo" time="3.230"/>
</testsuite> <!-- SauceDemoApp.Tests.EndToEndTestCase -->
