<?xml version="1.0" encoding="UTF-8"?>
<!-- Generated by org.testng.reporters.JUnitReportReporter -->
<testsuite hostname="DESKTOP-M8KF4BN" failures="0" tests="2" name="SauceDemoApp.Tests.EndToEndTestCase2" time="13.937" errors="0" timestamp="2024-07-24T08:11:16 IST" skipped="0">
  <testcase classname="SauceDemoApp.Tests.EndToEndTestCase2" name="saucedemo" time="7.819"/>
  <testcase classname="SauceDemoApp.Tests.EndToEndTestCase2" name="saucedemo" time="6.118"/>
</testsuite> <!-- SauceDemoApp.Tests.EndToEndTestCase2 -->
