<?xml version="1.0" encoding="UTF-8"?>
<!-- Generated by org.testng.reporters.JUnitReportReporter -->
<testsuite hostname="DESKTOP-M8KF4BN" failures="0" tests="1" name="SauceDemoApp.EndToEndTestCase" time="4.611" errors="0" timestamp="2024-07-20T13:17:17 IST" skipped="0">
  <testcase classname="SauceDemoApp.EndToEndTestCase" name="saucedemo" time="4.611"/>
</testsuite> <!-- SauceDemoApp.EndToEndTestCase -->
