<?xml version="1.0" encoding="UTF-8"?>
<!-- Generated by org.testng.reporters.JUnitReportReporter -->
<testsuite hostname="DESKTOP-M8KF4BN" failures="0" tests="1" name="SauceDemoApp.EndToEndTestCase2" time="3.596" errors="0" timestamp="2024-07-20T14:59:33 IST" skipped="0">
  <testcase classname="SauceDemoApp.EndToEndTestCase2" name="saucedemo" time="3.596"/>
</testsuite> <!-- SauceDemoApp.EndToEndTestCase2 -->
